<?xml version="1.0" encoding="UTF-8"?>
<!-- Generated by org.testng.reporters.JUnitReportReporter -->
<testsuite hostname="DESKTOP-NRO9H63" failures="0" tests="1" name="crudOperations.GetWeather" time="2.408" errors="0" timestamp="16 May 2021 06:53:49 GMT" skipped="0">
  <testcase classname="crudOperations.GetWeather" name="getResponseCall" time="2.408"/>
</testsuite> <!-- crudOperations.GetWeather -->
