<?xml version="1.0" encoding="UTF-8"?>
<!-- Generated by org.testng.reporters.JUnitReportReporter -->
<testsuite hostname="DESKTOP-NRO9H63" failures="0" tests="1" name="crudOperations.GetWeather" time="1.803" errors="0" timestamp="21 May 2021 03:45:18 GMT" skipped="0">
  <testcase classname="crudOperations.GetWeather" name="getResponseCall" time="1.803"/>
</testsuite> <!-- crudOperations.GetWeather -->
